58.0894 	WARNING 	User requested fullscreen with size [800 600], but screen is actually [1440, 900]. Using actual size
58.6052 	EXP 	Created window1 = Window(allowGUI=False, allowStencil=False, autoLog=True, bitsMode=UNKNOWN, blendMode='avg', color=array([-1., -1., -1.]), colorSpace='rgb', fullscr=UNKNOWN, gamma=None, lms=UNKNOWN, monitor=<psychopy.monitors.calibTools.Monitor object at 0x1154ffdd0>, multiSample=False, name='window1', numSamples=2, pos=[0, 0], screen=0, size=array([1440,  900]), stereo=False, units=u'norm', useFBO=True, useRetina=False, viewOri=0.0, viewPos=None, viewScale=None, waitBlanking=True, winType='pyglet')
58.6536 	EXP 	Created unnamed TextStim = TextStim(alignHoriz='center', alignVert='center', antialias=True, autoLog=True, bold=False, color=array([ 1.,  1.,  1.]), colorSpace='rgb', contrast=1.0, depth=0.0, flipHoriz=False, flipVert=False, font='', fontFiles=[], height=0.1, italic=False, name='unnamed TextStim', opacity=1.0, ori=0.0, pos=array([ 0.,  0.]), rgb=array([ 1.,  1.,  1.]), text=unicode(...), units=u'norm', win=Window(...), wrapWidth=1.5)
58.6619 	EXP 	Created unnamed TextStim = TextStim(alignHoriz='center', alignVert='center', antialias=True, autoLog=True, bold=False, color=array([ 1.,  1.,  1.]), colorSpace='rgb', contrast=1.0, depth=0.0, flipHoriz=False, flipVert=False, font='', fontFiles=[], height=0.1, italic=False, name='unnamed TextStim', opacity=1.0, ori=0.0, pos=array([ 0.,  0.]), rgb=array([ 1.,  1.,  1.]), text=u'Waiting for the experimenter.', units=u'norm', win=Window(...), wrapWidth=1.5)
58.6677 	EXP 	Created unnamed TextStim = TextStim(alignHoriz='center', alignVert='center', antialias=True, autoLog=True, bold=False, color=array([ 1.,  1.,  1.]), colorSpace='rgb', contrast=1.0, depth=0.0, flipHoriz=False, flipVert=False, font='', fontFiles=[], height=0.1, italic=False, name='unnamed TextStim', opacity=1.0, ori=0.0, pos=array([ 0.,  0.]), rgb=array([ 1.,  1.,  1.]), text=u'Waiting for the scanner.', units=u'norm', win=Window(...), wrapWidth=1.5)
58.6713 	EXP 	Created unnamed TextStim = TextStim(alignHoriz='center', alignVert='center', antialias=True, autoLog=True, bold=False, color=array([ 1.,  1.,  1.]), colorSpace='rgb', contrast=1.0, depth=0.0, flipHoriz=False, flipVert=False, font='', fontFiles=[], height=0.15, italic=False, name='unnamed TextStim', opacity=1.0, ori=0.0, pos=array([ 0.,  0.]), rgb=array([ 1.,  1.,  1.]), text=u'+', units=u'norm', win=Window(...), wrapWidth=1.5)
58.6774 	EXP 	Created unnamed TextStim = TextStim(alignHoriz='center', alignVert='center', antialias=True, autoLog=True, bold=False, color=array([ 1.,  1.,  1.]), colorSpace='rgb', contrast=1.0, depth=0.0, flipHoriz=False, flipVert=False, font='', fontFiles=[], height=0.15, italic=False, name='unnamed TextStim', opacity=1.0, ori=0.0, pos=array([ 0.,  0.]), rgb=array([ 1.,  1.,  1.]), text=u'Thanks!', units=u'norm', win=Window(...), wrapWidth=1.5)
58.6789 	EXP 	window1: blendMode = 'avg'
59.4656 	DATA 	Keypress: space
59.4671 	EXP 	window1: blendMode = 'avg'
220.7871 	DATA 	Keypress: num_add
220.8120 	EXP 	Set  sound=stimuli/silence.wav
220.8141 	EXP 	Set  sound=stimuli/int/18_int.wav
220.8169 	EXP 	Set  sound=stimuli/degr/19_degr.wav
220.8189 	EXP 	Set  sound=stimuli/degr/25_degr.wav
220.8210 	EXP 	Set  sound=stimuli/int/26_int.wav
220.8231 	EXP 	Set  sound=stimuli/degr/12_degr.wav
220.8251 	EXP 	Set  sound=stimuli/int/23_int.wav
220.8271 	EXP 	Set  sound=stimuli/degr/05_degr.wav
220.8289 	EXP 	Set  sound=stimuli/int/20_int.wav
220.8308 	EXP 	Set  sound=stimuli/int/31_int.wav
220.8330 	EXP 	Set  sound=stimuli/degr/27_degr.wav
220.8350 	EXP 	Set  sound=stimuli/int/15_int.wav
220.8371 	EXP 	Set  sound=stimuli/degr/07_degr.wav
220.8390 	EXP 	Set  sound=stimuli/degr/32_degr.wav
220.8409 	EXP 	Set  sound=stimuli/int/24_int.wav
220.8427 	EXP 	Set  sound=stimuli/int/02_int.wav
220.8447 	EXP 	Set  sound=stimuli/degr/28_degr.wav
220.8453 	EXP 	window1: blendMode = 'avg'
220.8586 	EXP 	Sound  started
221.7867 	DATA 	Keypress: num_add
222.7870 	DATA 	Keypress: num_add
223.7869 	DATA 	Keypress: num_add
224.7865 	DATA 	Keypress: num_add
225.7866 	DATA 	Keypress: num_add
226.7867 	DATA 	Keypress: num_add
227.7867 	DATA 	Keypress: num_add
228.7869 	DATA 	Keypress: num_add
229.7866 	DATA 	Keypress: num_add
230.7863 	DATA 	Keypress: num_add
231.7862 	DATA 	Keypress: num_add
232.7864 	DATA 	Keypress: num_add
233.7864 	DATA 	Keypress: num_add
234.7863 	DATA 	Keypress: num_add
234.8601 	EXP 	Sound  started
235.7860 	DATA 	Keypress: num_add
236.7862 	DATA 	Keypress: num_add
237.7862 	DATA 	Keypress: num_add
238.7863 	DATA 	Keypress: num_add
239.7862 	DATA 	Keypress: num_add
240.7870 	DATA 	Keypress: num_add
241.7871 	DATA 	Keypress: num_add
242.7869 	DATA 	Keypress: num_add
243.7872 	DATA 	Keypress: num_add
244.7872 	DATA 	Keypress: num_add
245.7875 	DATA 	Keypress: num_add
246.7870 	DATA 	Keypress: num_add
247.7868 	DATA 	Keypress: num_add
248.7868 	DATA 	Keypress: num_add
249.7866 	DATA 	Keypress: num_add
250.7866 	DATA 	Keypress: num_add
251.7865 	DATA 	Keypress: num_add
252.7866 	DATA 	Keypress: num_add
252.8615 	EXP 	Sound  started
253.7867 	DATA 	Keypress: num_add
254.7863 	DATA 	Keypress: num_add
255.7863 	DATA 	Keypress: num_add
256.7865 	DATA 	Keypress: num_add
257.7864 	DATA 	Keypress: num_add
258.7864 	DATA 	Keypress: num_add
259.7863 	DATA 	Keypress: num_add
260.7865 	DATA 	Keypress: num_add
261.7862 	DATA 	Keypress: num_add
262.7861 	DATA 	Keypress: num_add
263.7861 	DATA 	Keypress: num_add
264.7860 	DATA 	Keypress: num_add
265.7860 	DATA 	Keypress: num_add
266.7873 	DATA 	Keypress: num_add
267.7871 	DATA 	Keypress: num_add
268.7872 	DATA 	Keypress: num_add
269.7868 	DATA 	Keypress: num_add
270.7868 	DATA 	Keypress: num_add
270.8626 	EXP 	Sound  started
271.7871 	DATA 	Keypress: num_add
272.7871 	DATA 	Keypress: num_add
273.7866 	DATA 	Keypress: num_add
274.7869 	DATA 	Keypress: num_add
275.7867 	DATA 	Keypress: num_add
276.7865 	DATA 	Keypress: num_add
277.7864 	DATA 	Keypress: num_add
278.7865 	DATA 	Keypress: num_add
279.7869 	DATA 	Keypress: num_add
280.7867 	DATA 	Keypress: num_add
281.7864 	DATA 	Keypress: num_add
282.7871 	DATA 	Keypress: num_add
283.7863 	DATA 	Keypress: num_add
284.7864 	DATA 	Keypress: num_add
285.7868 	DATA 	Keypress: num_add
286.7867 	DATA 	Keypress: num_add
287.7867 	DATA 	Keypress: num_add
288.7862 	DATA 	Keypress: num_add
288.8638 	EXP 	Sound  started
289.7864 	DATA 	Keypress: num_add
290.7860 	DATA 	Keypress: num_add
291.7860 	DATA 	Keypress: num_add
292.7862 	DATA 	Keypress: num_add
293.7872 	DATA 	Keypress: num_add
294.7869 	DATA 	Keypress: num_add
295.7871 	DATA 	Keypress: num_add
296.7870 	DATA 	Keypress: num_add
297.7868 	DATA 	Keypress: num_add
298.7868 	DATA 	Keypress: num_add
299.7868 	DATA 	Keypress: num_add
300.7867 	DATA 	Keypress: num_add
301.7868 	DATA 	Keypress: num_add
302.7867 	DATA 	Keypress: num_add
303.7867 	DATA 	Keypress: num_add
304.7868 	DATA 	Keypress: num_add
305.7867 	DATA 	Keypress: num_add
306.7865 	DATA 	Keypress: num_add
306.8651 	EXP 	Sound  started
307.7865 	DATA 	Keypress: num_add
308.7865 	DATA 	Keypress: num_add
309.7863 	DATA 	Keypress: num_add
310.7866 	DATA 	Keypress: num_add
311.7867 	DATA 	Keypress: num_add
312.7862 	DATA 	Keypress: num_add
313.7864 	DATA 	Keypress: num_add
314.7864 	DATA 	Keypress: num_add
315.7861 	DATA 	Keypress: num_add
316.7864 	DATA 	Keypress: num_add
317.7861 	DATA 	Keypress: num_add
318.7860 	DATA 	Keypress: num_add
319.7863 	DATA 	Keypress: num_add
320.7872 	DATA 	Keypress: num_add
320.8663 	EXP 	Sound  started
321.7872 	DATA 	Keypress: num_add
322.3081 	DATA 	Keypress: 1
322.7870 	DATA 	Keypress: num_add
323.7869 	DATA 	Keypress: num_add
324.7869 	DATA 	Keypress: num_add
325.7868 	DATA 	Keypress: num_add
326.7868 	DATA 	Keypress: num_add
327.7869 	DATA 	Keypress: num_add
328.7870 	DATA 	Keypress: num_add
329.7868 	DATA 	Keypress: num_add
330.7865 	DATA 	Keypress: num_add
331.7866 	DATA 	Keypress: num_add
332.7869 	DATA 	Keypress: num_add
333.7867 	DATA 	Keypress: num_add
334.7863 	DATA 	Keypress: num_add
335.7865 	DATA 	Keypress: num_add
336.7867 	DATA 	Keypress: num_add
337.7862 	DATA 	Keypress: num_add
338.7866 	DATA 	Keypress: num_add
338.8678 	EXP 	Sound  started
339.7863 	DATA 	Keypress: num_add
340.1654 	DATA 	Keypress: 1
340.7865 	DATA 	Keypress: num_add
341.7861 	DATA 	Keypress: num_add
342.7861 	DATA 	Keypress: num_add
343.7864 	DATA 	Keypress: num_add
344.7861 	DATA 	Keypress: num_add
345.7863 	DATA 	Keypress: num_add
346.7873 	DATA 	Keypress: num_add
347.7872 	DATA 	Keypress: num_add
348.7869 	DATA 	Keypress: num_add
349.7867 	DATA 	Keypress: num_add
350.7870 	DATA 	Keypress: num_add
351.7867 	DATA 	Keypress: num_add
352.7869 	DATA 	Keypress: num_add
353.7868 	DATA 	Keypress: num_add
354.7868 	DATA 	Keypress: num_add
355.7867 	DATA 	Keypress: num_add
356.7866 	DATA 	Keypress: num_add
356.8689 	EXP 	Sound  started
357.7864 	DATA 	Keypress: num_add
358.7869 	DATA 	Keypress: num_add
359.7868 	DATA 	Keypress: num_add
360.0217 	DATA 	Keypress: 1
360.7864 	DATA 	Keypress: num_add
361.7868 	DATA 	Keypress: num_add
362.7866 	DATA 	Keypress: num_add
363.7863 	DATA 	Keypress: num_add
364.7863 	DATA 	Keypress: num_add
365.7865 	DATA 	Keypress: num_add
366.7862 	DATA 	Keypress: num_add
367.7863 	DATA 	Keypress: num_add
368.7860 	DATA 	Keypress: num_add
369.7861 	DATA 	Keypress: num_add
370.7861 	DATA 	Keypress: num_add
371.7864 	DATA 	Keypress: num_add
372.7863 	DATA 	Keypress: num_add
373.7862 	DATA 	Keypress: num_add
374.7872 	DATA 	Keypress: num_add
374.8702 	EXP 	Sound  started
375.7869 	DATA 	Keypress: num_add
376.4379 	DATA 	Keypress: 1
376.7867 	DATA 	Keypress: num_add
377.7867 	DATA 	Keypress: num_add
378.7867 	DATA 	Keypress: num_add
379.7870 	DATA 	Keypress: num_add
380.7867 	DATA 	Keypress: num_add
381.7866 	DATA 	Keypress: num_add
382.7869 	DATA 	Keypress: num_add
383.7865 	DATA 	Keypress: num_add
384.7867 	DATA 	Keypress: num_add
385.7863 	DATA 	Keypress: num_add
386.7864 	DATA 	Keypress: num_add
387.7864 	DATA 	Keypress: num_add
388.7864 	DATA 	Keypress: num_add
389.7866 	DATA 	Keypress: num_add
390.7866 	DATA 	Keypress: num_add
391.7863 	DATA 	Keypress: num_add
392.7866 	DATA 	Keypress: num_add
392.8716 	EXP 	Sound  started
393.7863 	DATA 	Keypress: num_add
394.7865 	DATA 	Keypress: num_add
395.7865 	DATA 	Keypress: num_add
396.7862 	DATA 	Keypress: num_add
397.7860 	DATA 	Keypress: num_add
398.7858 	DATA 	Keypress: num_add
399.7864 	DATA 	Keypress: num_add
400.7870 	DATA 	Keypress: num_add
401.7870 	DATA 	Keypress: num_add
402.7870 	DATA 	Keypress: num_add
403.7868 	DATA 	Keypress: num_add
404.7869 	DATA 	Keypress: num_add
405.7871 	DATA 	Keypress: num_add
406.7867 	DATA 	Keypress: num_add
406.8731 	EXP 	Sound  started
407.7867 	DATA 	Keypress: num_add
408.7868 	DATA 	Keypress: num_add
409.7865 	DATA 	Keypress: num_add
410.7868 	DATA 	Keypress: num_add
411.7865 	DATA 	Keypress: num_add
412.7864 	DATA 	Keypress: num_add
413.7867 	DATA 	Keypress: num_add
414.7868 	DATA 	Keypress: num_add
415.7867 	DATA 	Keypress: num_add
416.7865 	DATA 	Keypress: num_add
417.7861 	DATA 	Keypress: num_add
418.7866 	DATA 	Keypress: num_add
419.7862 	DATA 	Keypress: num_add
420.7860 	DATA 	Keypress: num_add
421.7864 	DATA 	Keypress: num_add
422.7862 	DATA 	Keypress: num_add
423.7861 	DATA 	Keypress: num_add
424.7861 	DATA 	Keypress: num_add
424.8747 	EXP 	Sound  started
425.7859 	DATA 	Keypress: num_add
426.7872 	DATA 	Keypress: num_add
427.7873 	DATA 	Keypress: num_add
428.7872 	DATA 	Keypress: num_add
429.7869 	DATA 	Keypress: num_add
430.7871 	DATA 	Keypress: num_add
431.7871 	DATA 	Keypress: num_add
432.7870 	DATA 	Keypress: num_add
433.7871 	DATA 	Keypress: num_add
434.7867 	DATA 	Keypress: num_add
435.7864 	DATA 	Keypress: num_add
436.7864 	DATA 	Keypress: num_add
437.7868 	DATA 	Keypress: num_add
438.7866 	DATA 	Keypress: num_add
439.7867 	DATA 	Keypress: num_add
440.7864 	DATA 	Keypress: num_add
441.7863 	DATA 	Keypress: num_add
442.7862 	DATA 	Keypress: num_add
442.8760 	EXP 	Sound  started
443.7866 	DATA 	Keypress: num_add
444.7864 	DATA 	Keypress: num_add
445.7861 	DATA 	Keypress: num_add
446.7864 	DATA 	Keypress: num_add
447.7865 	DATA 	Keypress: num_add
448.7865 	DATA 	Keypress: num_add
449.7860 	DATA 	Keypress: num_add
450.7862 	DATA 	Keypress: num_add
451.7862 	DATA 	Keypress: num_add
452.7868 	DATA 	Keypress: num_add
453.7871 	DATA 	Keypress: num_add
454.7871 	DATA 	Keypress: num_add
455.7870 	DATA 	Keypress: num_add
456.7867 	DATA 	Keypress: num_add
457.7869 	DATA 	Keypress: num_add
458.7870 	DATA 	Keypress: num_add
459.7868 	DATA 	Keypress: num_add
460.7867 	DATA 	Keypress: num_add
460.8776 	EXP 	Sound  started
461.7866 	DATA 	Keypress: num_add
462.2888 	DATA 	Keypress: 1
462.7863 	DATA 	Keypress: num_add
463.7870 	DATA 	Keypress: num_add
464.7864 	DATA 	Keypress: num_add
465.7866 	DATA 	Keypress: num_add
466.7865 	DATA 	Keypress: num_add
467.7864 	DATA 	Keypress: num_add
468.7862 	DATA 	Keypress: num_add
469.7869 	DATA 	Keypress: num_add
470.7865 	DATA 	Keypress: num_add
471.7865 	DATA 	Keypress: num_add
472.7863 	DATA 	Keypress: num_add
473.7861 	DATA 	Keypress: num_add
474.7863 	DATA 	Keypress: num_add
475.7864 	DATA 	Keypress: num_add
476.7862 	DATA 	Keypress: num_add
477.7862 	DATA 	Keypress: num_add
478.7865 	DATA 	Keypress: num_add
478.8787 	EXP 	Sound  started
479.7862 	DATA 	Keypress: num_add
479.9770 	DATA 	Keypress: 1
480.7869 	DATA 	Keypress: num_add
481.7869 	DATA 	Keypress: num_add
482.7871 	DATA 	Keypress: num_add
483.7868 	DATA 	Keypress: num_add
484.7869 	DATA 	Keypress: num_add
485.7869 	DATA 	Keypress: num_add
486.7876 	DATA 	Keypress: num_add
487.7869 	DATA 	Keypress: num_add
488.7865 	DATA 	Keypress: num_add
489.7864 	DATA 	Keypress: num_add
490.7868 	DATA 	Keypress: num_add
491.7866 	DATA 	Keypress: num_add
492.7865 	DATA 	Keypress: num_add
492.8800 	EXP 	Sound  started
493.7862 	DATA 	Keypress: num_add
494.7865 	DATA 	Keypress: num_add
495.7862 	DATA 	Keypress: num_add
496.7866 	DATA 	Keypress: num_add
497.7861 	DATA 	Keypress: num_add
498.7862 	DATA 	Keypress: num_add
499.7864 	DATA 	Keypress: num_add
500.7866 	DATA 	Keypress: num_add
501.7862 	DATA 	Keypress: num_add
502.7860 	DATA 	Keypress: num_add
503.7862 	DATA 	Keypress: num_add
504.7862 	DATA 	Keypress: num_add
505.7861 	DATA 	Keypress: num_add
506.7860 	DATA 	Keypress: num_add
507.7871 	DATA 	Keypress: num_add
508.7870 	DATA 	Keypress: num_add
509.7871 	DATA 	Keypress: num_add
510.7869 	DATA 	Keypress: num_add
510.8812 	EXP 	Sound  started
511.4850 	DATA 	Keypress: 1
511.7866 	DATA 	Keypress: num_add
512.7866 	DATA 	Keypress: num_add
513.7870 	DATA 	Keypress: num_add
514.7873 	DATA 	Keypress: num_add
515.7869 	DATA 	Keypress: num_add
516.7868 	DATA 	Keypress: num_add
517.7864 	DATA 	Keypress: num_add
518.7867 	DATA 	Keypress: num_add
519.7869 	DATA 	Keypress: num_add
520.7866 	DATA 	Keypress: num_add
521.7867 	DATA 	Keypress: num_add
522.7867 	DATA 	Keypress: num_add
523.7875 	DATA 	Keypress: num_add
524.7864 	DATA 	Keypress: num_add
525.7861 	DATA 	Keypress: num_add
526.7868 	DATA 	Keypress: num_add
527.7864 	DATA 	Keypress: num_add
528.7861 	DATA 	Keypress: num_add
528.8826 	EXP 	Sound  started
529.7862 	DATA 	Keypress: num_add
529.9859 	DATA 	Keypress: 1
530.7863 	DATA 	Keypress: num_add
531.7862 	DATA 	Keypress: num_add
532.7860 	DATA 	Keypress: num_add
533.7857 	DATA 	Keypress: num_add
534.7867 	DATA 	Keypress: num_add
535.7872 	DATA 	Keypress: num_add
536.7872 	DATA 	Keypress: num_add
537.7869 	DATA 	Keypress: num_add
538.7868 	DATA 	Keypress: num_add
539.7870 	DATA 	Keypress: num_add
540.7870 	DATA 	Keypress: num_add
541.7867 	DATA 	Keypress: num_add
542.7870 	DATA 	Keypress: num_add
543.7869 	DATA 	Keypress: num_add
544.7864 	DATA 	Keypress: num_add
545.7865 	DATA 	Keypress: num_add
546.7865 	DATA 	Keypress: num_add
546.8841 	EXP 	Sound  started
547.7865 	DATA 	Keypress: num_add
548.1067 	DATA 	Keypress: 1
548.7861 	DATA 	Keypress: num_add
549.7864 	DATA 	Keypress: num_add
550.7861 	DATA 	Keypress: num_add
551.7862 	DATA 	Keypress: num_add
552.7865 	DATA 	Keypress: num_add
553.7860 	DATA 	Keypress: num_add
554.7865 	DATA 	Keypress: num_add
555.7866 	DATA 	Keypress: num_add
556.7859 	DATA 	Keypress: num_add
557.7861 	DATA 	Keypress: num_add
558.7866 	DATA 	Keypress: num_add
559.7863 	DATA 	Keypress: num_add
560.7858 	DATA 	Keypress: num_add
561.7872 	DATA 	Keypress: num_add
562.7870 	DATA 	Keypress: num_add
563.7870 	DATA 	Keypress: num_add
564.7867 	DATA 	Keypress: num_add
564.8854 	EXP 	Sound  started
565.7866 	DATA 	Keypress: num_add
566.7869 	DATA 	Keypress: num_add
567.7867 	DATA 	Keypress: num_add
568.7866 	DATA 	Keypress: num_add
569.7863 	DATA 	Keypress: num_add
570.7868 	DATA 	Keypress: num_add
571.7866 	DATA 	Keypress: num_add
572.7863 	DATA 	Keypress: num_add
573.7868 	DATA 	Keypress: num_add
574.7864 	DATA 	Keypress: num_add
575.7861 	DATA 	Keypress: num_add
576.7862 	DATA 	Keypress: num_add
577.7862 	DATA 	Keypress: num_add
578.7863 	DATA 	Keypress: num_add
578.8939 	EXP 	window1: blendMode = 'avg'
579.7861 	DATA 	Keypress: num_add
598.1004 	DATA 	Keypress: space
598.1010 	EXP 	window1: mouseVisible = True
