9.9770 	WARNING 	User requested fullscreen with size [800 600], but screen is actually [1440, 900]. Using actual size
10.5044 	EXP 	Created window1 = Window(allowGUI=False, allowStencil=False, autoLog=True, bitsMode=UNKNOWN, blendMode='avg', color=array([-1., -1., -1.]), colorSpace='rgb', fullscr=UNKNOWN, gamma=None, lms=UNKNOWN, monitor=<psychopy.monitors.calibTools.Monitor object at 0x1155ff110>, multiSample=False, name='window1', numSamples=2, pos=[0, 0], screen=0, size=array([1440,  900]), stereo=False, units=u'norm', useFBO=True, useRetina=False, viewOri=0.0, viewPos=None, viewScale=None, waitBlanking=True, winType='pyglet')
10.5538 	EXP 	Created unnamed TextStim = TextStim(alignHoriz='center', alignVert='center', antialias=True, autoLog=True, bold=False, color=array([ 1.,  1.,  1.]), colorSpace='rgb', contrast=1.0, depth=0.0, flipHoriz=False, flipVert=False, font='', fontFiles=[], height=0.1, italic=False, name='unnamed TextStim', opacity=1.0, ori=0.0, pos=array([ 0.,  0.]), rgb=array([ 1.,  1.,  1.]), text=unicode(...), units=u'norm', win=Window(...), wrapWidth=1.5)
10.5616 	EXP 	Created unnamed TextStim = TextStim(alignHoriz='center', alignVert='center', antialias=True, autoLog=True, bold=False, color=array([ 1.,  1.,  1.]), colorSpace='rgb', contrast=1.0, depth=0.0, flipHoriz=False, flipVert=False, font='', fontFiles=[], height=0.1, italic=False, name='unnamed TextStim', opacity=1.0, ori=0.0, pos=array([ 0.,  0.]), rgb=array([ 1.,  1.,  1.]), text=u'Waiting for the experimenter.', units=u'norm', win=Window(...), wrapWidth=1.5)
10.5667 	EXP 	Created unnamed TextStim = TextStim(alignHoriz='center', alignVert='center', antialias=True, autoLog=True, bold=False, color=array([ 1.,  1.,  1.]), colorSpace='rgb', contrast=1.0, depth=0.0, flipHoriz=False, flipVert=False, font='', fontFiles=[], height=0.1, italic=False, name='unnamed TextStim', opacity=1.0, ori=0.0, pos=array([ 0.,  0.]), rgb=array([ 1.,  1.,  1.]), text=u'Waiting for the scanner.', units=u'norm', win=Window(...), wrapWidth=1.5)
10.5704 	EXP 	Created unnamed TextStim = TextStim(alignHoriz='center', alignVert='center', antialias=True, autoLog=True, bold=False, color=array([ 1.,  1.,  1.]), colorSpace='rgb', contrast=1.0, depth=0.0, flipHoriz=False, flipVert=False, font='', fontFiles=[], height=0.15, italic=False, name='unnamed TextStim', opacity=1.0, ori=0.0, pos=array([ 0.,  0.]), rgb=array([ 1.,  1.,  1.]), text=u'+', units=u'norm', win=Window(...), wrapWidth=1.5)
10.5766 	EXP 	Created unnamed TextStim = TextStim(alignHoriz='center', alignVert='center', antialias=True, autoLog=True, bold=False, color=array([ 1.,  1.,  1.]), colorSpace='rgb', contrast=1.0, depth=0.0, flipHoriz=False, flipVert=False, font='', fontFiles=[], height=0.15, italic=False, name='unnamed TextStim', opacity=1.0, ori=0.0, pos=array([ 0.,  0.]), rgb=array([ 1.,  1.,  1.]), text=u'Thanks!', units=u'norm', win=Window(...), wrapWidth=1.5)
10.5781 	EXP 	window1: blendMode = 'avg'
11.5062 	DATA 	Keypress: space
11.5078 	EXP 	window1: blendMode = 'avg'
12.4329 	DATA 	Keypress: space
12.4337 	EXP 	window1: blendMode = 'avg'
30.5172 	DATA 	Keypress: num_add
30.5415 	EXP 	Set  sound=stimuli/silence.wav
30.5441 	EXP 	Set  sound=stimuli/int/06_int.wav
30.5469 	EXP 	Set  sound=stimuli/degr/14_degr.wav
30.5490 	EXP 	Set  sound=stimuli/degr/21_degr.wav
30.5510 	EXP 	Set  sound=stimuli/int/01_int.wav
30.5530 	EXP 	Set  sound=stimuli/degr/16_degr.wav
30.5551 	EXP 	Set  sound=stimuli/int/08_int.wav
30.5576 	EXP 	Set  sound=stimuli/degr/22_degr.wav
30.5603 	EXP 	Set  sound=stimuli/int/03_int.wav
30.5625 	EXP 	Set  sound=stimuli/int/09_int.wav
30.5647 	EXP 	Set  sound=stimuli/degr/04_degr.wav
30.5667 	EXP 	Set  sound=stimuli/int/10_int.wav
30.5689 	EXP 	Set  sound=stimuli/degr/29_degr.wav
30.5708 	EXP 	Set  sound=stimuli/degr/17_degr.wav
30.5727 	EXP 	Set  sound=stimuli/int/13_int.wav
30.5746 	EXP 	Set  sound=stimuli/int/11_int.wav
30.5765 	EXP 	Set  sound=stimuli/degr/30_degr.wav
30.5783 	EXP 	Set  sound=stimuli/int/18_int.wav
30.5804 	EXP 	Set  sound=stimuli/degr/19_degr.wav
30.5823 	EXP 	Set  sound=stimuli/degr/25_degr.wav
30.5841 	EXP 	Set  sound=stimuli/int/26_int.wav
30.5863 	EXP 	Set  sound=stimuli/degr/12_degr.wav
30.5882 	EXP 	Set  sound=stimuli/int/23_int.wav
30.5902 	EXP 	Set  sound=stimuli/degr/05_degr.wav
30.5924 	EXP 	Set  sound=stimuli/int/20_int.wav
30.5944 	EXP 	Set  sound=stimuli/int/31_int.wav
30.5965 	EXP 	Set  sound=stimuli/degr/27_degr.wav
30.5984 	EXP 	Set  sound=stimuli/int/15_int.wav
30.6003 	EXP 	Set  sound=stimuli/degr/07_degr.wav
30.6022 	EXP 	Set  sound=stimuli/degr/32_degr.wav
30.6044 	EXP 	Set  sound=stimuli/int/24_int.wav
30.6062 	EXP 	Set  sound=stimuli/int/02_int.wav
30.6081 	EXP 	Set  sound=stimuli/degr/28_degr.wav
30.6087 	EXP 	window1: blendMode = 'avg'
30.6202 	EXP 	Sound  started
31.5172 	DATA 	Keypress: num_add
32.5167 	DATA 	Keypress: num_add
33.5171 	DATA 	Keypress: num_add
34.5166 	DATA 	Keypress: num_add
35.5166 	DATA 	Keypress: num_add
36.5168 	DATA 	Keypress: num_add
37.5165 	DATA 	Keypress: num_add
38.5177 	DATA 	Keypress: num_add
39.5173 	DATA 	Keypress: num_add
40.5173 	DATA 	Keypress: num_add
41.5172 	DATA 	Keypress: num_add
42.5175 	DATA 	Keypress: num_add
43.5171 	DATA 	Keypress: num_add
44.5171 	DATA 	Keypress: num_add
44.6215 	EXP 	Sound  started
45.5171 	DATA 	Keypress: num_add
46.5172 	DATA 	Keypress: num_add
47.5174 	DATA 	Keypress: num_add
48.5171 	DATA 	Keypress: num_add
49.5171 	DATA 	Keypress: num_add
50.5171 	DATA 	Keypress: num_add
51.5169 	DATA 	Keypress: num_add
52.5169 	DATA 	Keypress: num_add
53.5171 	DATA 	Keypress: num_add
54.5166 	DATA 	Keypress: num_add
55.5168 	DATA 	Keypress: num_add
56.5167 	DATA 	Keypress: num_add
57.5165 	DATA 	Keypress: num_add
58.5169 	DATA 	Keypress: num_add
59.5166 	DATA 	Keypress: num_add
60.5167 	DATA 	Keypress: num_add
61.5168 	DATA 	Keypress: num_add
62.5163 	DATA 	Keypress: num_add
62.6230 	EXP 	Sound  started
63.5166 	DATA 	Keypress: num_add
63.6523 	DATA 	Keypress: 1
64.5173 	DATA 	Keypress: num_add
65.5171 	DATA 	Keypress: num_add
66.5169 	DATA 	Keypress: num_add
67.5174 	DATA 	Keypress: num_add
68.5170 	DATA 	Keypress: num_add
69.5174 	DATA 	Keypress: num_add
70.5171 	DATA 	Keypress: num_add
71.5169 	DATA 	Keypress: num_add
72.5171 	DATA 	Keypress: num_add
73.5169 	DATA 	Keypress: num_add
74.5170 	DATA 	Keypress: num_add
75.5170 	DATA 	Keypress: num_add
76.5166 	DATA 	Keypress: num_add
77.5168 	DATA 	Keypress: num_add
78.5166 	DATA 	Keypress: num_add
79.5166 	DATA 	Keypress: num_add
80.5167 	DATA 	Keypress: num_add
80.6241 	EXP 	Sound  started
81.5163 	DATA 	Keypress: num_add
82.5166 	DATA 	Keypress: num_add
82.8946 	DATA 	Keypress: 1
83.5162 	DATA 	Keypress: num_add
84.5162 	DATA 	Keypress: num_add
85.5163 	DATA 	Keypress: num_add
86.5164 	DATA 	Keypress: num_add
87.5161 	DATA 	Keypress: num_add
88.5162 	DATA 	Keypress: num_add
89.5161 	DATA 	Keypress: num_add
90.5163 	DATA 	Keypress: num_add
91.5174 	DATA 	Keypress: num_add
92.5171 	DATA 	Keypress: num_add
93.5169 	DATA 	Keypress: num_add
94.5168 	DATA 	Keypress: num_add
95.5169 	DATA 	Keypress: num_add
96.5167 	DATA 	Keypress: num_add
97.5168 	DATA 	Keypress: num_add
98.5167 	DATA 	Keypress: num_add
98.6252 	EXP 	Sound  started
99.5170 	DATA 	Keypress: num_add
99.6487 	DATA 	Keypress: 1
100.5168 	DATA 	Keypress: num_add
101.5165 	DATA 	Keypress: num_add
102.5167 	DATA 	Keypress: num_add
103.5163 	DATA 	Keypress: num_add
104.5165 	DATA 	Keypress: num_add
105.5162 	DATA 	Keypress: num_add
106.5163 	DATA 	Keypress: num_add
107.5162 	DATA 	Keypress: num_add
108.5162 	DATA 	Keypress: num_add
109.5163 	DATA 	Keypress: num_add
110.5164 	DATA 	Keypress: num_add
111.5160 	DATA 	Keypress: num_add
112.5159 	DATA 	Keypress: num_add
113.5159 	DATA 	Keypress: num_add
114.5160 	DATA 	Keypress: num_add
115.5157 	DATA 	Keypress: num_add
116.5161 	DATA 	Keypress: num_add
116.6264 	EXP 	Sound  started
117.5171 	DATA 	Keypress: num_add
118.5169 	DATA 	Keypress: num_add
119.5165 	DATA 	Keypress: num_add
120.5167 	DATA 	Keypress: num_add
121.5166 	DATA 	Keypress: num_add
122.5168 	DATA 	Keypress: num_add
123.5163 	DATA 	Keypress: num_add
124.5167 	DATA 	Keypress: num_add
125.5165 	DATA 	Keypress: num_add
126.5165 	DATA 	Keypress: num_add
127.5161 	DATA 	Keypress: num_add
128.5160 	DATA 	Keypress: num_add
129.5162 	DATA 	Keypress: num_add
130.5165 	DATA 	Keypress: num_add
130.6275 	EXP 	Sound  started
131.5163 	DATA 	Keypress: num_add
131.5471 	DATA 	Keypress: 1
132.5163 	DATA 	Keypress: num_add
133.5159 	DATA 	Keypress: num_add
134.5161 	DATA 	Keypress: num_add
135.5158 	DATA 	Keypress: num_add
136.5158 	DATA 	Keypress: num_add
137.5164 	DATA 	Keypress: num_add
138.5156 	DATA 	Keypress: num_add
139.5159 	DATA 	Keypress: num_add
140.5160 	DATA 	Keypress: num_add
141.5158 	DATA 	Keypress: num_add
142.5158 	DATA 	Keypress: num_add
143.5155 	DATA 	Keypress: num_add
144.5164 	DATA 	Keypress: num_add
145.5164 	DATA 	Keypress: num_add
146.5166 	DATA 	Keypress: num_add
147.5166 	DATA 	Keypress: num_add
148.5165 	DATA 	Keypress: num_add
148.6287 	EXP 	Sound  started
149.5161 	DATA 	Keypress: num_add
149.7023 	DATA 	Keypress: 1
150.5163 	DATA 	Keypress: num_add
151.5164 	DATA 	Keypress: num_add
152.5163 	DATA 	Keypress: num_add
153.5161 	DATA 	Keypress: num_add
154.5163 	DATA 	Keypress: num_add
155.5161 	DATA 	Keypress: num_add
156.5159 	DATA 	Keypress: num_add
157.5161 	DATA 	Keypress: num_add
158.5160 	DATA 	Keypress: num_add
159.5157 	DATA 	Keypress: num_add
160.5158 	DATA 	Keypress: num_add
161.5157 	DATA 	Keypress: num_add
162.5154 	DATA 	Keypress: num_add
163.5157 	DATA 	Keypress: num_add
164.5157 	DATA 	Keypress: num_add
165.5152 	DATA 	Keypress: num_add
166.5158 	DATA 	Keypress: num_add
166.6300 	EXP 	Sound  started
167.5156 	DATA 	Keypress: num_add
167.5169 	DATA 	Keypress: 1
168.5152 	DATA 	Keypress: num_add
169.5152 	DATA 	Keypress: num_add
170.5153 	DATA 	Keypress: num_add
171.5165 	DATA 	Keypress: num_add
172.5161 	DATA 	Keypress: num_add
173.5162 	DATA 	Keypress: num_add
174.5162 	DATA 	Keypress: num_add
175.5159 	DATA 	Keypress: num_add
176.5159 	DATA 	Keypress: num_add
177.5162 	DATA 	Keypress: num_add
178.5160 	DATA 	Keypress: num_add
179.5158 	DATA 	Keypress: num_add
180.5157 	DATA 	Keypress: num_add
181.5157 	DATA 	Keypress: num_add
182.5157 	DATA 	Keypress: num_add
183.5157 	DATA 	Keypress: num_add
184.5158 	DATA 	Keypress: num_add
184.6315 	EXP 	Sound  started
185.5157 	DATA 	Keypress: num_add
185.5645 	DATA 	Keypress: 1
186.5155 	DATA 	Keypress: num_add
187.5159 	DATA 	Keypress: num_add
188.5157 	DATA 	Keypress: num_add
189.5156 	DATA 	Keypress: num_add
190.5153 	DATA 	Keypress: num_add
191.5156 	DATA 	Keypress: num_add
192.5151 	DATA 	Keypress: num_add
193.5152 	DATA 	Keypress: num_add
194.5156 	DATA 	Keypress: num_add
195.5155 	DATA 	Keypress: num_add
196.5150 	DATA 	Keypress: num_add
197.5160 	DATA 	Keypress: num_add
198.5161 	DATA 	Keypress: num_add
199.5159 	DATA 	Keypress: num_add
200.5159 	DATA 	Keypress: num_add
201.5158 	DATA 	Keypress: num_add
202.5157 	DATA 	Keypress: num_add
202.6334 	EXP 	Sound  started
203.5158 	DATA 	Keypress: num_add
204.5157 	DATA 	Keypress: num_add
205.5154 	DATA 	Keypress: num_add
206.5159 	DATA 	Keypress: num_add
207.5159 	DATA 	Keypress: num_add
208.5157 	DATA 	Keypress: num_add
209.5155 	DATA 	Keypress: num_add
210.5154 	DATA 	Keypress: num_add
211.5154 	DATA 	Keypress: num_add
212.5155 	DATA 	Keypress: num_add
213.5152 	DATA 	Keypress: num_add
214.5152 	DATA 	Keypress: num_add
215.5157 	DATA 	Keypress: num_add
216.5148 	DATA 	Keypress: num_add
216.6358 	EXP 	Sound  started
217.5154 	DATA 	Keypress: num_add
217.7789 	DATA 	Keypress: 1
218.5152 	DATA 	Keypress: num_add
219.5152 	DATA 	Keypress: num_add
220.5149 	DATA 	Keypress: num_add
221.5149 	DATA 	Keypress: num_add
222.5151 	DATA 	Keypress: num_add
223.5146 	DATA 	Keypress: num_add
224.5158 	DATA 	Keypress: num_add
225.5158 	DATA 	Keypress: num_add
226.5156 	DATA 	Keypress: num_add
227.5155 	DATA 	Keypress: num_add
228.5157 	DATA 	Keypress: num_add
229.5153 	DATA 	Keypress: num_add
230.5156 	DATA 	Keypress: num_add
231.5155 	DATA 	Keypress: num_add
232.5152 	DATA 	Keypress: num_add
233.5153 	DATA 	Keypress: num_add
234.5151 	DATA 	Keypress: num_add
234.6372 	EXP 	Sound  started
235.5153 	DATA 	Keypress: num_add
235.9592 	DATA 	Keypress: 1
236.5151 	DATA 	Keypress: num_add
237.5151 	DATA 	Keypress: num_add
238.5149 	DATA 	Keypress: num_add
239.5154 	DATA 	Keypress: num_add
240.5150 	DATA 	Keypress: num_add
241.5152 	DATA 	Keypress: num_add
242.5153 	DATA 	Keypress: num_add
243.5148 	DATA 	Keypress: num_add
244.5147 	DATA 	Keypress: num_add
245.5149 	DATA 	Keypress: num_add
246.5149 	DATA 	Keypress: num_add
247.5151 	DATA 	Keypress: num_add
248.5146 	DATA 	Keypress: num_add
249.5146 	DATA 	Keypress: num_add
250.5156 	DATA 	Keypress: num_add
251.5157 	DATA 	Keypress: num_add
252.5153 	DATA 	Keypress: num_add
252.6384 	EXP 	Sound  started
253.5156 	DATA 	Keypress: num_add
253.7633 	DATA 	Keypress: 1
254.5158 	DATA 	Keypress: num_add
255.5153 	DATA 	Keypress: num_add
256.5152 	DATA 	Keypress: num_add
257.5156 	DATA 	Keypress: num_add
258.5155 	DATA 	Keypress: num_add
259.5156 	DATA 	Keypress: num_add
260.5155 	DATA 	Keypress: num_add
261.5151 	DATA 	Keypress: num_add
262.5156 	DATA 	Keypress: num_add
263.5152 	DATA 	Keypress: num_add
264.5150 	DATA 	Keypress: num_add
265.5155 	DATA 	Keypress: num_add
266.5153 	DATA 	Keypress: num_add
267.5153 	DATA 	Keypress: num_add
268.5153 	DATA 	Keypress: num_add
269.5151 	DATA 	Keypress: num_add
270.5148 	DATA 	Keypress: num_add
270.6399 	EXP 	Sound  started
271.5148 	DATA 	Keypress: num_add
271.7650 	DATA 	Keypress: 1
272.5150 	DATA 	Keypress: num_add
273.5148 	DATA 	Keypress: num_add
274.5146 	DATA 	Keypress: num_add
275.5146 	DATA 	Keypress: num_add
276.5150 	DATA 	Keypress: num_add
277.5159 	DATA 	Keypress: num_add
278.5154 	DATA 	Keypress: num_add
279.5154 	DATA 	Keypress: num_add
280.5158 	DATA 	Keypress: num_add
281.5155 	DATA 	Keypress: num_add
282.5156 	DATA 	Keypress: num_add
283.5153 	DATA 	Keypress: num_add
284.5155 	DATA 	Keypress: num_add
285.5153 	DATA 	Keypress: num_add
286.5152 	DATA 	Keypress: num_add
287.5153 	DATA 	Keypress: num_add
288.5153 	DATA 	Keypress: num_add
288.6412 	EXP 	Sound  started
289.5152 	DATA 	Keypress: num_add
290.5151 	DATA 	Keypress: num_add
291.5153 	DATA 	Keypress: num_add
292.5154 	DATA 	Keypress: num_add
293.5152 	DATA 	Keypress: num_add
294.5152 	DATA 	Keypress: num_add
295.5153 	DATA 	Keypress: num_add
296.5148 	DATA 	Keypress: num_add
297.5154 	DATA 	Keypress: num_add
298.5151 	DATA 	Keypress: num_add
299.5148 	DATA 	Keypress: num_add
300.5151 	DATA 	Keypress: num_add
301.5147 	DATA 	Keypress: num_add
302.5148 	DATA 	Keypress: num_add
302.6425 	EXP 	Sound  started
303.5157 	DATA 	Keypress: num_add
303.6430 	DATA 	Keypress: 1
304.5157 	DATA 	Keypress: num_add
305.5160 	DATA 	Keypress: num_add
306.5155 	DATA 	Keypress: num_add
307.5156 	DATA 	Keypress: num_add
308.5155 	DATA 	Keypress: num_add
309.5153 	DATA 	Keypress: num_add
310.5153 	DATA 	Keypress: num_add
311.5156 	DATA 	Keypress: num_add
312.5155 	DATA 	Keypress: num_add
313.5154 	DATA 	Keypress: num_add
314.5155 	DATA 	Keypress: num_add
315.5156 	DATA 	Keypress: num_add
316.5157 	DATA 	Keypress: num_add
317.5155 	DATA 	Keypress: num_add
318.5154 	DATA 	Keypress: num_add
319.5151 	DATA 	Keypress: num_add
320.5152 	DATA 	Keypress: num_add
320.6439 	EXP 	Sound  started
321.5151 	DATA 	Keypress: num_add
321.6492 	DATA 	Keypress: 1
322.5156 	DATA 	Keypress: num_add
323.5152 	DATA 	Keypress: num_add
324.5150 	DATA 	Keypress: num_add
325.5149 	DATA 	Keypress: num_add
326.5150 	DATA 	Keypress: num_add
327.5153 	DATA 	Keypress: num_add
328.5152 	DATA 	Keypress: num_add
329.5151 	DATA 	Keypress: num_add
330.5148 	DATA 	Keypress: num_add
331.5158 	DATA 	Keypress: num_add
332.5159 	DATA 	Keypress: num_add
333.5157 	DATA 	Keypress: num_add
334.5156 	DATA 	Keypress: num_add
335.5163 	DATA 	Keypress: num_add
336.5154 	DATA 	Keypress: num_add
337.5154 	DATA 	Keypress: num_add
338.5155 	DATA 	Keypress: num_add
338.6451 	EXP 	Sound  started
339.5154 	DATA 	Keypress: num_add
340.5155 	DATA 	Keypress: num_add
340.6014 	DATA 	Keypress: 1
341.5155 	DATA 	Keypress: num_add
342.5153 	DATA 	Keypress: num_add
343.5152 	DATA 	Keypress: num_add
344.5151 	DATA 	Keypress: num_add
345.5155 	DATA 	Keypress: num_add
346.5152 	DATA 	Keypress: num_add
347.5150 	DATA 	Keypress: num_add
348.5151 	DATA 	Keypress: num_add
349.5151 	DATA 	Keypress: num_add
350.5154 	DATA 	Keypress: num_add
351.5154 	DATA 	Keypress: num_add
352.5151 	DATA 	Keypress: num_add
353.5148 	DATA 	Keypress: num_add
354.5152 	DATA 	Keypress: num_add
355.5149 	DATA 	Keypress: num_add
356.5147 	DATA 	Keypress: num_add
356.6463 	EXP 	Sound  started
357.5166 	DATA 	Keypress: num_add
357.9072 	DATA 	Keypress: 1
358.5158 	DATA 	Keypress: num_add
359.5162 	DATA 	Keypress: num_add
360.5160 	DATA 	Keypress: num_add
361.5159 	DATA 	Keypress: num_add
362.5156 	DATA 	Keypress: num_add
363.5156 	DATA 	Keypress: num_add
364.5160 	DATA 	Keypress: num_add
365.5153 	DATA 	Keypress: num_add
366.5157 	DATA 	Keypress: num_add
367.5155 	DATA 	Keypress: num_add
368.5157 	DATA 	Keypress: num_add
369.5153 	DATA 	Keypress: num_add
370.5155 	DATA 	Keypress: num_add
371.5156 	DATA 	Keypress: num_add
372.5155 	DATA 	Keypress: num_add
373.5152 	DATA 	Keypress: num_add
374.5155 	DATA 	Keypress: num_add
374.6478 	EXP 	Sound  started
375.5154 	DATA 	Keypress: num_add
376.5151 	DATA 	Keypress: num_add
377.5152 	DATA 	Keypress: num_add
378.5153 	DATA 	Keypress: num_add
379.5149 	DATA 	Keypress: num_add
380.5153 	DATA 	Keypress: num_add
381.5149 	DATA 	Keypress: num_add
382.5148 	DATA 	Keypress: num_add
383.5163 	DATA 	Keypress: num_add
384.5159 	DATA 	Keypress: num_add
385.5155 	DATA 	Keypress: num_add
386.5160 	DATA 	Keypress: num_add
387.5157 	DATA 	Keypress: num_add
388.5157 	DATA 	Keypress: num_add
388.6494 	EXP 	window1: blendMode = 'avg'
389.5161 	DATA 	Keypress: num_add
404.3041 	DATA 	Keypress: space
404.3049 	EXP 	window1: blendMode = 'avg'
432.4421 	DATA 	Keypress: num_add
432.4556 	EXP 	window1: blendMode = 'avg'
432.4719 	EXP 	Sound  started
433.4424 	DATA 	Keypress: num_add
434.4423 	DATA 	Keypress: num_add
435.4432 	DATA 	Keypress: num_add
436.4427 	DATA 	Keypress: num_add
437.4429 	DATA 	Keypress: num_add
438.4430 	DATA 	Keypress: num_add
439.4429 	DATA 	Keypress: num_add
440.4432 	DATA 	Keypress: num_add
441.4430 	DATA 	Keypress: num_add
442.4429 	DATA 	Keypress: num_add
443.4428 	DATA 	Keypress: num_add
444.4429 	DATA 	Keypress: num_add
445.4429 	DATA 	Keypress: num_add
446.4430 	DATA 	Keypress: num_add
446.4729 	EXP 	Sound  started
447.4430 	DATA 	Keypress: num_add
447.8624 	DATA 	Keypress: 1
448.4426 	DATA 	Keypress: num_add
449.4424 	DATA 	Keypress: num_add
450.4427 	DATA 	Keypress: num_add
451.4426 	DATA 	Keypress: num_add
452.4423 	DATA 	Keypress: num_add
453.4425 	DATA 	Keypress: num_add
454.4423 	DATA 	Keypress: num_add
455.4422 	DATA 	Keypress: num_add
456.4423 	DATA 	Keypress: num_add
457.4421 	DATA 	Keypress: num_add
458.4423 	DATA 	Keypress: num_add
459.4421 	DATA 	Keypress: num_add
460.4418 	DATA 	Keypress: num_add
461.4418 	DATA 	Keypress: num_add
462.4428 	DATA 	Keypress: num_add
463.4430 	DATA 	Keypress: num_add
464.4432 	DATA 	Keypress: num_add
464.4744 	EXP 	Sound  started
465.4432 	DATA 	Keypress: num_add
465.4565 	DATA 	Keypress: 1
466.4431 	DATA 	Keypress: num_add
467.4428 	DATA 	Keypress: num_add
468.4430 	DATA 	Keypress: num_add
469.4431 	DATA 	Keypress: num_add
470.4428 	DATA 	Keypress: num_add
471.4426 	DATA 	Keypress: num_add
472.4431 	DATA 	Keypress: num_add
473.4424 	DATA 	Keypress: num_add
474.4424 	DATA 	Keypress: num_add
475.4433 	DATA 	Keypress: num_add
476.4429 	DATA 	Keypress: num_add
477.4422 	DATA 	Keypress: num_add
478.4423 	DATA 	Keypress: num_add
479.4426 	DATA 	Keypress: num_add
480.4424 	DATA 	Keypress: num_add
481.4423 	DATA 	Keypress: num_add
482.4423 	DATA 	Keypress: num_add
482.4758 	EXP 	Sound  started
483.4426 	DATA 	Keypress: num_add
484.4426 	DATA 	Keypress: num_add
485.4422 	DATA 	Keypress: num_add
486.4422 	DATA 	Keypress: num_add
487.4423 	DATA 	Keypress: num_add
488.4428 	DATA 	Keypress: num_add
489.4431 	DATA 	Keypress: num_add
490.4432 	DATA 	Keypress: num_add
491.4431 	DATA 	Keypress: num_add
492.4428 	DATA 	Keypress: num_add
493.4432 	DATA 	Keypress: num_add
494.4428 	DATA 	Keypress: num_add
495.4429 	DATA 	Keypress: num_add
496.4428 	DATA 	Keypress: num_add
497.4430 	DATA 	Keypress: num_add
498.4427 	DATA 	Keypress: num_add
499.4426 	DATA 	Keypress: num_add
500.4428 	DATA 	Keypress: num_add
500.4774 	EXP 	Sound  started
501.4430 	DATA 	Keypress: num_add
501.7720 	DATA 	Keypress: 1
502.4428 	DATA 	Keypress: num_add
503.4424 	DATA 	Keypress: num_add
504.4432 	DATA 	Keypress: num_add
505.4428 	DATA 	Keypress: num_add
506.4426 	DATA 	Keypress: num_add
507.4427 	DATA 	Keypress: num_add
508.4427 	DATA 	Keypress: num_add
509.4425 	DATA 	Keypress: num_add
510.4422 	DATA 	Keypress: num_add
511.4425 	DATA 	Keypress: num_add
512.4433 	DATA 	Keypress: num_add
513.4422 	DATA 	Keypress: num_add
514.4427 	DATA 	Keypress: num_add
515.4419 	DATA 	Keypress: num_add
516.4433 	DATA 	Keypress: num_add
517.4433 	DATA 	Keypress: num_add
518.4432 	DATA 	Keypress: num_add
518.4787 	EXP 	Sound  started
519.4431 	DATA 	Keypress: num_add
520.4429 	DATA 	Keypress: num_add
521.4428 	DATA 	Keypress: num_add
522.4433 	DATA 	Keypress: num_add
523.4428 	DATA 	Keypress: num_add
524.4430 	DATA 	Keypress: num_add
525.4430 	DATA 	Keypress: num_add
526.4428 	DATA 	Keypress: num_add
527.4427 	DATA 	Keypress: num_add
528.4429 	DATA 	Keypress: num_add
529.4426 	DATA 	Keypress: num_add
530.4424 	DATA 	Keypress: num_add
531.4424 	DATA 	Keypress: num_add
532.4426 	DATA 	Keypress: num_add
532.4801 	EXP 	Sound  started
533.4425 	DATA 	Keypress: num_add
533.6966 	DATA 	Keypress: 1
534.4425 	DATA 	Keypress: num_add
535.4422 	DATA 	Keypress: num_add
536.4421 	DATA 	Keypress: num_add
537.4425 	DATA 	Keypress: num_add
538.4425 	DATA 	Keypress: num_add
539.4424 	DATA 	Keypress: num_add
540.4423 	DATA 	Keypress: num_add
541.4423 	DATA 	Keypress: num_add
542.4431 	DATA 	Keypress: num_add
543.4434 	DATA 	Keypress: num_add
544.4432 	DATA 	Keypress: num_add
545.4432 	DATA 	Keypress: num_add
546.4428 	DATA 	Keypress: num_add
547.4432 	DATA 	Keypress: num_add
548.4429 	DATA 	Keypress: num_add
549.4428 	DATA 	Keypress: num_add
550.4430 	DATA 	Keypress: num_add
550.4815 	EXP 	Sound  started
551.4431 	DATA 	Keypress: num_add
552.4429 	DATA 	Keypress: num_add
552.8426 	DATA 	Keypress: 1
553.4429 	DATA 	Keypress: num_add
554.4430 	DATA 	Keypress: num_add
555.4426 	DATA 	Keypress: num_add
556.4424 	DATA 	Keypress: num_add
557.4430 	DATA 	Keypress: num_add
558.4428 	DATA 	Keypress: num_add
559.4424 	DATA 	Keypress: num_add
560.4423 	DATA 	Keypress: num_add
561.4426 	DATA 	Keypress: num_add
562.4426 	DATA 	Keypress: num_add
563.4422 	DATA 	Keypress: num_add
564.4428 	DATA 	Keypress: num_add
565.4422 	DATA 	Keypress: num_add
566.4426 	DATA 	Keypress: num_add
567.4426 	DATA 	Keypress: num_add
568.4419 	DATA 	Keypress: num_add
568.4829 	EXP 	Sound  started
569.4431 	DATA 	Keypress: num_add
570.4432 	DATA 	Keypress: num_add
571.4433 	DATA 	Keypress: num_add
571.9568 	DATA 	Keypress: 1
572.4432 	DATA 	Keypress: num_add
573.4429 	DATA 	Keypress: num_add
574.4436 	DATA 	Keypress: num_add
575.4430 	DATA 	Keypress: num_add
576.4431 	DATA 	Keypress: num_add
577.4432 	DATA 	Keypress: num_add
578.4428 	DATA 	Keypress: num_add
579.4429 	DATA 	Keypress: num_add
580.4427 	DATA 	Keypress: num_add
581.4428 	DATA 	Keypress: num_add
582.4424 	DATA 	Keypress: num_add
583.4430 	DATA 	Keypress: num_add
584.4427 	DATA 	Keypress: num_add
585.4427 	DATA 	Keypress: num_add
586.4424 	DATA 	Keypress: num_add
586.4840 	EXP 	Sound  started
587.4429 	DATA 	Keypress: num_add
587.5164 	DATA 	Keypress: 1
588.4426 	DATA 	Keypress: num_add
589.4426 	DATA 	Keypress: num_add
590.4425 	DATA 	Keypress: num_add
591.4428 	DATA 	Keypress: num_add
592.4425 	DATA 	Keypress: num_add
593.4424 	DATA 	Keypress: num_add
594.4425 	DATA 	Keypress: num_add
595.4437 	DATA 	Keypress: num_add
596.4432 	DATA 	Keypress: num_add
597.4430 	DATA 	Keypress: num_add
598.4432 	DATA 	Keypress: num_add
599.4429 	DATA 	Keypress: num_add
600.4430 	DATA 	Keypress: num_add
601.4429 	DATA 	Keypress: num_add
602.4430 	DATA 	Keypress: num_add
603.4435 	DATA 	Keypress: num_add
604.4427 	DATA 	Keypress: num_add
604.4851 	EXP 	Sound  started
605.4431 	DATA 	Keypress: num_add
606.4430 	DATA 	Keypress: num_add
607.4430 	DATA 	Keypress: num_add
608.4428 	DATA 	Keypress: num_add
609.4426 	DATA 	Keypress: num_add
610.4425 	DATA 	Keypress: num_add
611.4424 	DATA 	Keypress: num_add
612.4426 	DATA 	Keypress: num_add
613.4427 	DATA 	Keypress: num_add
614.4424 	DATA 	Keypress: num_add
615.4424 	DATA 	Keypress: num_add
616.4428 	DATA 	Keypress: num_add
617.4422 	DATA 	Keypress: num_add
618.4423 	DATA 	Keypress: num_add
618.4865 	EXP 	Sound  started
619.3634 	DATA 	Keypress: 1
619.4424 	DATA 	Keypress: num_add
620.4423 	DATA 	Keypress: num_add
621.4426 	DATA 	Keypress: num_add
622.4422 	DATA 	Keypress: num_add
623.4436 	DATA 	Keypress: num_add
624.4434 	DATA 	Keypress: num_add
625.4430 	DATA 	Keypress: num_add
626.4436 	DATA 	Keypress: num_add
627.4430 	DATA 	Keypress: num_add
628.4434 	DATA 	Keypress: num_add
629.4431 	DATA 	Keypress: num_add
630.4435 	DATA 	Keypress: num_add
631.4429 	DATA 	Keypress: num_add
632.4429 	DATA 	Keypress: num_add
633.4427 	DATA 	Keypress: num_add
634.4431 	DATA 	Keypress: num_add
635.4426 	DATA 	Keypress: num_add
636.4429 	DATA 	Keypress: num_add
636.4881 	EXP 	Sound  started
637.4425 	DATA 	Keypress: num_add
637.5239 	DATA 	Keypress: 1
638.4428 	DATA 	Keypress: num_add
639.4427 	DATA 	Keypress: num_add
640.4426 	DATA 	Keypress: num_add
641.4426 	DATA 	Keypress: num_add
642.4424 	DATA 	Keypress: num_add
643.4424 	DATA 	Keypress: num_add
644.4422 	DATA 	Keypress: num_add
645.4423 	DATA 	Keypress: num_add
646.4425 	DATA 	Keypress: num_add
647.4421 	DATA 	Keypress: num_add
648.4426 	DATA 	Keypress: num_add
649.4436 	DATA 	Keypress: num_add
650.4436 	DATA 	Keypress: num_add
651.4433 	DATA 	Keypress: num_add
652.4429 	DATA 	Keypress: num_add
653.4433 	DATA 	Keypress: num_add
654.4430 	DATA 	Keypress: num_add
654.4894 	EXP 	Sound  started
655.4434 	DATA 	Keypress: num_add
655.5518 	DATA 	Keypress: 1
656.4430 	DATA 	Keypress: num_add
657.4428 	DATA 	Keypress: num_add
658.4427 	DATA 	Keypress: num_add
659.4430 	DATA 	Keypress: num_add
660.4430 	DATA 	Keypress: num_add
661.4429 	DATA 	Keypress: num_add
662.4430 	DATA 	Keypress: num_add
663.4428 	DATA 	Keypress: num_add
664.4425 	DATA 	Keypress: num_add
665.4425 	DATA 	Keypress: num_add
666.4429 	DATA 	Keypress: num_add
667.4429 	DATA 	Keypress: num_add
668.4432 	DATA 	Keypress: num_add
669.4424 	DATA 	Keypress: num_add
670.4427 	DATA 	Keypress: num_add
671.4425 	DATA 	Keypress: num_add
672.4426 	DATA 	Keypress: num_add
672.4905 	EXP 	Sound  started
673.4423 	DATA 	Keypress: num_add
673.4681 	DATA 	Keypress: 1
674.4421 	DATA 	Keypress: num_add
675.4433 	DATA 	Keypress: num_add
676.4435 	DATA 	Keypress: num_add
677.4430 	DATA 	Keypress: num_add
678.4436 	DATA 	Keypress: num_add
679.4432 	DATA 	Keypress: num_add
680.4431 	DATA 	Keypress: num_add
681.4428 	DATA 	Keypress: num_add
682.4432 	DATA 	Keypress: num_add
683.4430 	DATA 	Keypress: num_add
684.4428 	DATA 	Keypress: num_add
685.4433 	DATA 	Keypress: num_add
686.4432 	DATA 	Keypress: num_add
687.4428 	DATA 	Keypress: num_add
688.4427 	DATA 	Keypress: num_add
689.4429 	DATA 	Keypress: num_add
690.4432 	DATA 	Keypress: num_add
690.4917 	EXP 	Sound  started
691.4428 	DATA 	Keypress: num_add
692.4426 	DATA 	Keypress: num_add
693.4428 	DATA 	Keypress: num_add
694.4427 	DATA 	Keypress: num_add
695.4428 	DATA 	Keypress: num_add
696.4425 	DATA 	Keypress: num_add
697.4429 	DATA 	Keypress: num_add
698.4427 	DATA 	Keypress: num_add
699.4424 	DATA 	Keypress: num_add
700.4421 	DATA 	Keypress: num_add
701.4428 	DATA 	Keypress: num_add
702.4422 	DATA 	Keypress: num_add
703.4438 	DATA 	Keypress: num_add
704.4434 	DATA 	Keypress: num_add
704.4931 	EXP 	Sound  started
705.4436 	DATA 	Keypress: num_add
705.4822 	DATA 	Keypress: 1
706.4432 	DATA 	Keypress: num_add
707.4435 	DATA 	Keypress: num_add
708.4429 	DATA 	Keypress: num_add
709.4433 	DATA 	Keypress: num_add
710.4433 	DATA 	Keypress: num_add
711.4429 	DATA 	Keypress: num_add
712.4435 	DATA 	Keypress: num_add
713.4430 	DATA 	Keypress: num_add
714.4429 	DATA 	Keypress: num_add
715.4430 	DATA 	Keypress: num_add
716.4426 	DATA 	Keypress: num_add
717.4430 	DATA 	Keypress: num_add
718.4428 	DATA 	Keypress: num_add
719.4429 	DATA 	Keypress: num_add
720.4425 	DATA 	Keypress: num_add
721.4428 	DATA 	Keypress: num_add
722.4428 	DATA 	Keypress: num_add
722.4944 	EXP 	Sound  started
723.4423 	DATA 	Keypress: num_add
724.4426 	DATA 	Keypress: num_add
725.4424 	DATA 	Keypress: num_add
726.2855 	DATA 	Keypress: 1
726.4429 	DATA 	Keypress: num_add
727.4422 	DATA 	Keypress: num_add
728.4432 	DATA 	Keypress: num_add
729.4427 	DATA 	Keypress: num_add
730.4436 	DATA 	Keypress: num_add
731.4435 	DATA 	Keypress: num_add
732.4433 	DATA 	Keypress: num_add
733.4439 	DATA 	Keypress: num_add
734.4431 	DATA 	Keypress: num_add
735.4434 	DATA 	Keypress: num_add
736.4435 	DATA 	Keypress: num_add
737.4432 	DATA 	Keypress: num_add
738.4433 	DATA 	Keypress: num_add
739.4429 	DATA 	Keypress: num_add
740.4431 	DATA 	Keypress: num_add
740.4960 	EXP 	Sound  started
741.4431 	DATA 	Keypress: num_add
741.5424 	DATA 	Keypress: 1
742.4430 	DATA 	Keypress: num_add
743.4433 	DATA 	Keypress: num_add
744.4426 	DATA 	Keypress: num_add
745.4431 	DATA 	Keypress: num_add
746.4429 	DATA 	Keypress: num_add
747.4428 	DATA 	Keypress: num_add
748.4426 	DATA 	Keypress: num_add
749.4427 	DATA 	Keypress: num_add
750.4424 	DATA 	Keypress: num_add
751.4426 	DATA 	Keypress: num_add
752.4429 	DATA 	Keypress: num_add
753.4423 	DATA 	Keypress: num_add
754.4426 	DATA 	Keypress: num_add
755.4427 	DATA 	Keypress: num_add
756.4439 	DATA 	Keypress: num_add
757.4436 	DATA 	Keypress: num_add
758.4436 	DATA 	Keypress: num_add
758.4972 	EXP 	Sound  started
759.3497 	DATA 	Keypress: 1
759.4439 	DATA 	Keypress: num_add
760.4431 	DATA 	Keypress: num_add
761.4435 	DATA 	Keypress: num_add
762.4430 	DATA 	Keypress: num_add
763.4431 	DATA 	Keypress: num_add
764.4430 	DATA 	Keypress: num_add
765.4429 	DATA 	Keypress: num_add
766.4428 	DATA 	Keypress: num_add
767.4431 	DATA 	Keypress: num_add
768.4433 	DATA 	Keypress: num_add
769.4432 	DATA 	Keypress: num_add
770.4427 	DATA 	Keypress: num_add
771.4429 	DATA 	Keypress: num_add
772.4426 	DATA 	Keypress: num_add
773.4430 	DATA 	Keypress: num_add
774.4430 	DATA 	Keypress: num_add
775.4435 	DATA 	Keypress: num_add
776.4428 	DATA 	Keypress: num_add
776.4983 	EXP 	Sound  started
777.4429 	DATA 	Keypress: num_add
778.4425 	DATA 	Keypress: num_add
779.4433 	DATA 	Keypress: num_add
780.4428 	DATA 	Keypress: num_add
781.4425 	DATA 	Keypress: num_add
782.4425 	DATA 	Keypress: num_add
783.4438 	DATA 	Keypress: num_add
784.4433 	DATA 	Keypress: num_add
785.4438 	DATA 	Keypress: num_add
786.4437 	DATA 	Keypress: num_add
787.4435 	DATA 	Keypress: num_add
788.4433 	DATA 	Keypress: num_add
789.4437 	DATA 	Keypress: num_add
790.4433 	DATA 	Keypress: num_add
790.5160 	EXP 	window1: blendMode = 'avg'
791.4430 	DATA 	Keypress: num_add
796.3460 	DATA 	Keypress: space
796.3466 	EXP 	window1: mouseVisible = True
